0 info it worked if it ends with ok
1 verbose cli [ '/home/sifii2013/.nvm/versions/node/v7.7.4/bin/node',
1 verbose cli   '/home/sifii2013/.nvm/versions/node/v7.7.4/bin/npm',
1 verbose cli   'install',
1 verbose cli   '-g',
1 verbose cli   'create-react-app',
1 verbose cli   'creat-react-app',
1 verbose cli   'hello-world' ]
2 info using npm@4.1.2
3 info using node@v7.7.4
4 silly loadCurrentTree Starting
5 silly install loadCurrentTree
6 silly install readGlobalPackageData
7 silly fetchPackageMetaData create-react-app
8 silly fetchPackageMetaData creat-react-app
9 silly fetchPackageMetaData hello-world
10 silly fetchNamedPackageData create-react-app
11 silly mapToRegistry name create-react-app
12 silly mapToRegistry using default registry
13 silly mapToRegistry registry https://registry.npmjs.org/
14 silly mapToRegistry data Result {
14 silly mapToRegistry   raw: 'create-react-app',
14 silly mapToRegistry   scope: null,
14 silly mapToRegistry   escapedName: 'create-react-app',
14 silly mapToRegistry   name: 'create-react-app',
14 silly mapToRegistry   rawSpec: '',
14 silly mapToRegistry   spec: 'latest',
14 silly mapToRegistry   type: 'tag' }
15 silly mapToRegistry uri https://registry.npmjs.org/create-react-app
16 silly fetchNamedPackageData creat-react-app
17 silly mapToRegistry name creat-react-app
18 silly mapToRegistry using default registry
19 silly mapToRegistry registry https://registry.npmjs.org/
20 silly mapToRegistry data Result {
20 silly mapToRegistry   raw: 'creat-react-app',
20 silly mapToRegistry   scope: null,
20 silly mapToRegistry   escapedName: 'creat-react-app',
20 silly mapToRegistry   name: 'creat-react-app',
20 silly mapToRegistry   rawSpec: '',
20 silly mapToRegistry   spec: 'latest',
20 silly mapToRegistry   type: 'tag' }
21 silly mapToRegistry uri https://registry.npmjs.org/creat-react-app
22 silly fetchNamedPackageData hello-world
23 silly mapToRegistry name hello-world
24 silly mapToRegistry using default registry
25 silly mapToRegistry registry https://registry.npmjs.org/
26 silly mapToRegistry data Result {
26 silly mapToRegistry   raw: 'hello-world',
26 silly mapToRegistry   scope: null,
26 silly mapToRegistry   escapedName: 'hello-world',
26 silly mapToRegistry   name: 'hello-world',
26 silly mapToRegistry   rawSpec: '',
26 silly mapToRegistry   spec: 'latest',
26 silly mapToRegistry   type: 'tag' }
27 silly mapToRegistry uri https://registry.npmjs.org/hello-world
28 verbose request uri https://registry.npmjs.org/create-react-app
29 verbose request no auth needed
30 info attempt registry request try #1 at 7:05:44 PM
31 verbose request id 9ccc00c9913d2d9c
32 http request GET https://registry.npmjs.org/create-react-app
33 verbose request uri https://registry.npmjs.org/creat-react-app
34 verbose request no auth needed
35 info attempt registry request try #1 at 7:05:44 PM
36 http request GET https://registry.npmjs.org/creat-react-app
37 verbose request uri https://registry.npmjs.org/hello-world
38 verbose request no auth needed
39 info attempt registry request try #1 at 7:05:44 PM
40 http request GET https://registry.npmjs.org/hello-world
41 http 200 https://registry.npmjs.org/hello-world
42 verbose headers { server: 'nginx/1.10.1',
42 verbose headers   'content-type': 'application/json',
42 verbose headers   'last-modified': 'Tue, 13 Dec 2016 15:33:18 GMT',
42 verbose headers   etag: 'W/"585014be-3c4"',
42 verbose headers   'content-encoding': 'gzip',
42 verbose headers   'cache-control': 'max-age=300',
42 verbose headers   'content-length': '528',
42 verbose headers   'accept-ranges': 'bytes',
42 verbose headers   date: 'Sun, 26 Mar 2017 13:05:49 GMT',
42 verbose headers   via: '1.1 varnish',
42 verbose headers   age: '0',
42 verbose headers   connection: 'keep-alive',
42 verbose headers   'x-served-by': 'cache-sin18030-SIN',
42 verbose headers   'x-cache': 'MISS',
42 verbose headers   'x-cache-hits': '0',
42 verbose headers   'x-timer': 'S1490533549.871806,VS0,VE118',
42 verbose headers   vary: 'Accept-Encoding' }
43 silly get cb [ 200,
43 silly get   { server: 'nginx/1.10.1',
43 silly get     'content-type': 'application/json',
43 silly get     'last-modified': 'Tue, 13 Dec 2016 15:33:18 GMT',
43 silly get     etag: 'W/"585014be-3c4"',
43 silly get     'content-encoding': 'gzip',
43 silly get     'cache-control': 'max-age=300',
43 silly get     'content-length': '528',
43 silly get     'accept-ranges': 'bytes',
43 silly get     date: 'Sun, 26 Mar 2017 13:05:49 GMT',
43 silly get     via: '1.1 varnish',
43 silly get     age: '0',
43 silly get     connection: 'keep-alive',
43 silly get     'x-served-by': 'cache-sin18030-SIN',
43 silly get     'x-cache': 'MISS',
43 silly get     'x-cache-hits': '0',
43 silly get     'x-timer': 'S1490533549.871806,VS0,VE118',
43 silly get     vary: 'Accept-Encoding' } ]
44 verbose get saving hello-world to /home/sifii2013/.npm/registry.npmjs.org/hello-world/.cache.json
45 verbose correctMkdir /home/sifii2013/.npm correctMkdir not in flight; initializing
46 http 404 https://registry.npmjs.org/creat-react-app
47 verbose headers { 'content-type': 'application/json',
47 verbose headers   'cache-control': 'max-age=0',
47 verbose headers   'content-length': '2',
47 verbose headers   'accept-ranges': 'bytes',
47 verbose headers   date: 'Sun, 26 Mar 2017 13:05:50 GMT',
47 verbose headers   via: '1.1 varnish',
47 verbose headers   age: '0',
47 verbose headers   connection: 'keep-alive',
47 verbose headers   'x-served-by': 'cache-sin18021-SIN',
47 verbose headers   'x-cache': 'MISS',
47 verbose headers   'x-cache-hits': '0',
47 verbose headers   'x-timer': 'S1490533549.941903,VS0,VE324',
47 verbose headers   vary: 'Accept-Encoding' }
48 silly get cb [ 404,
48 silly get   { 'content-type': 'application/json',
48 silly get     'cache-control': 'max-age=0',
48 silly get     'content-length': '2',
48 silly get     'accept-ranges': 'bytes',
48 silly get     date: 'Sun, 26 Mar 2017 13:05:50 GMT',
48 silly get     via: '1.1 varnish',
48 silly get     age: '0',
48 silly get     connection: 'keep-alive',
48 silly get     'x-served-by': 'cache-sin18021-SIN',
48 silly get     'x-cache': 'MISS',
48 silly get     'x-cache-hits': '0',
48 silly get     'x-timer': 'S1490533549.941903,VS0,VE324',
48 silly get     vary: 'Accept-Encoding' } ]
49 silly fetchPackageMetaData Error: Registry returned 404 for GET on https://registry.npmjs.org/creat-react-app
49 silly fetchPackageMetaData     at makeError (/home/sifii2013/.nvm/versions/node/v7.7.4/lib/node_modules/npm/node_modules/npm-registry-client/lib/request.js:304:12)
49 silly fetchPackageMetaData     at CachingRegistryClient.<anonymous> (/home/sifii2013/.nvm/versions/node/v7.7.4/lib/node_modules/npm/node_modules/npm-registry-client/lib/request.js:282:14)
49 silly fetchPackageMetaData     at Request._callback (/home/sifii2013/.nvm/versions/node/v7.7.4/lib/node_modules/npm/node_modules/npm-registry-client/lib/request.js:212:14)
49 silly fetchPackageMetaData     at Request.self.callback (/home/sifii2013/.nvm/versions/node/v7.7.4/lib/node_modules/npm/node_modules/request/request.js:186:22)
49 silly fetchPackageMetaData     at emitTwo (events.js:106:13)
49 silly fetchPackageMetaData     at Request.emit (events.js:194:7)
49 silly fetchPackageMetaData     at Request.<anonymous> (/home/sifii2013/.nvm/versions/node/v7.7.4/lib/node_modules/npm/node_modules/request/request.js:1081:10)
49 silly fetchPackageMetaData     at emitOne (events.js:96:13)
49 silly fetchPackageMetaData     at Request.emit (events.js:191:7)
49 silly fetchPackageMetaData     at IncomingMessage.<anonymous> (/home/sifii2013/.nvm/versions/node/v7.7.4/lib/node_modules/npm/node_modules/request/request.js:1001:12)
49 silly fetchPackageMetaData  error for creat-react-app { Error: Registry returned 404 for GET on https://registry.npmjs.org/creat-react-app
49 silly fetchPackageMetaData     at makeError (/home/sifii2013/.nvm/versions/node/v7.7.4/lib/node_modules/npm/node_modules/npm-registry-client/lib/request.js:304:12)
49 silly fetchPackageMetaData     at CachingRegistryClient.<anonymous> (/home/sifii2013/.nvm/versions/node/v7.7.4/lib/node_modules/npm/node_modules/npm-registry-client/lib/request.js:282:14)
49 silly fetchPackageMetaData     at Request._callback (/home/sifii2013/.nvm/versions/node/v7.7.4/lib/node_modules/npm/node_modules/npm-registry-client/lib/request.js:212:14)
49 silly fetchPackageMetaData     at Request.self.callback (/home/sifii2013/.nvm/versions/node/v7.7.4/lib/node_modules/npm/node_modules/request/request.js:186:22)
49 silly fetchPackageMetaData     at emitTwo (events.js:106:13)
49 silly fetchPackageMetaData     at Request.emit (events.js:194:7)
49 silly fetchPackageMetaData     at Request.<anonymous> (/home/sifii2013/.nvm/versions/node/v7.7.4/lib/node_modules/npm/node_modules/request/request.js:1081:10)
49 silly fetchPackageMetaData     at emitOne (events.js:96:13)
49 silly fetchPackageMetaData     at Request.emit (events.js:191:7)
49 silly fetchPackageMetaData     at IncomingMessage.<anonymous> (/home/sifii2013/.nvm/versions/node/v7.7.4/lib/node_modules/npm/node_modules/request/request.js:1001:12) pkgid: 'creat-react-app', statusCode: 404, code: 'E404' }
50 http 200 https://registry.npmjs.org/create-react-app
51 verbose headers { server: 'nginx/1.10.1',
51 verbose headers   'content-type': 'application/json',
51 verbose headers   'last-modified': 'Tue, 21 Mar 2017 14:17:26 GMT',
51 verbose headers   etag: 'W/"58d135f6-7798"',
51 verbose headers   'content-encoding': 'gzip',
51 verbose headers   'cache-control': 'max-age=300',
51 verbose headers   'content-length': '3662',
51 verbose headers   'accept-ranges': 'bytes',
51 verbose headers   date: 'Sun, 26 Mar 2017 13:05:50 GMT',
51 verbose headers   via: '1.1 varnish',
51 verbose headers   age: '0',
51 verbose headers   connection: 'keep-alive',
51 verbose headers   'x-served-by': 'cache-sin18032-SIN',
51 verbose headers   'x-cache': 'HIT',
51 verbose headers   'x-cache-hits': '1',
51 verbose headers   'x-timer': 'S1490533549.922133,VS0,VE428',
51 verbose headers   vary: 'Accept-Encoding' }
52 silly get cb [ 200,
52 silly get   { server: 'nginx/1.10.1',
52 silly get     'content-type': 'application/json',
52 silly get     'last-modified': 'Tue, 21 Mar 2017 14:17:26 GMT',
52 silly get     etag: 'W/"58d135f6-7798"',
52 silly get     'content-encoding': 'gzip',
52 silly get     'cache-control': 'max-age=300',
52 silly get     'content-length': '3662',
52 silly get     'accept-ranges': 'bytes',
52 silly get     date: 'Sun, 26 Mar 2017 13:05:50 GMT',
52 silly get     via: '1.1 varnish',
52 silly get     age: '0',
52 silly get     connection: 'keep-alive',
52 silly get     'x-served-by': 'cache-sin18032-SIN',
52 silly get     'x-cache': 'HIT',
52 silly get     'x-cache-hits': '1',
52 silly get     'x-timer': 'S1490533549.922133,VS0,VE428',
52 silly get     vary: 'Accept-Encoding' } ]
53 verbose get saving create-react-app to /home/sifii2013/.npm/registry.npmjs.org/create-react-app/.cache.json
54 verbose correctMkdir /home/sifii2013/.npm correctMkdir not in flight; initializing
55 silly rollbackFailedOptional Starting
56 verbose stack TypeError: Cannot read property 'path' of null
56 verbose stack     at Installer.rollbackFailedOptional (/home/sifii2013/.nvm/versions/node/v7.7.4/lib/node_modules/npm/lib/install.js:511:29)
56 verbose stack     at Array.<anonymous> (/home/sifii2013/.nvm/versions/node/v7.7.4/lib/node_modules/npm/node_modules/slide/lib/bind-actor.js:15:8)
56 verbose stack     at LOOP (/home/sifii2013/.nvm/versions/node/v7.7.4/lib/node_modules/npm/node_modules/slide/lib/chain.js:15:14)
56 verbose stack     at /home/sifii2013/.nvm/versions/node/v7.7.4/lib/node_modules/npm/node_modules/slide/lib/chain.js:18:7
56 verbose stack     at /home/sifii2013/.nvm/versions/node/v7.7.4/lib/node_modules/npm/lib/install.js:337:5
56 verbose stack     at Array.<anonymous> (/home/sifii2013/.nvm/versions/node/v7.7.4/lib/node_modules/npm/node_modules/slide/lib/bind-actor.js:15:8)
56 verbose stack     at LOOP (/home/sifii2013/.nvm/versions/node/v7.7.4/lib/node_modules/npm/node_modules/slide/lib/chain.js:15:14)
56 verbose stack     at chain (/home/sifii2013/.nvm/versions/node/v7.7.4/lib/node_modules/npm/node_modules/slide/lib/chain.js:20:5)
56 verbose stack     at /home/sifii2013/.nvm/versions/node/v7.7.4/lib/node_modules/npm/lib/install.js:294:5
56 verbose stack     at /home/sifii2013/.nvm/versions/node/v7.7.4/lib/node_modules/npm/node_modules/slide/lib/chain.js:16:22
57 verbose cwd /home/sifii2013/drive/Factory/workshop/hospital_management
58 error Linux 4.4.0-66-generic
59 error argv "/home/sifii2013/.nvm/versions/node/v7.7.4/bin/node" "/home/sifii2013/.nvm/versions/node/v7.7.4/bin/npm" "install" "-g" "create-react-app" "creat-react-app" "hello-world"
60 error node v7.7.4
61 error npm  v4.1.2
62 error Cannot read property 'path' of null
63 error If you need help, you may report this error at:
63 error     <https://github.com/npm/npm/issues>
64 verbose exit [ 1, true ]
